[2022-02-22T18:59:42.433] [ERROR] errors - ReferenceError: window is not defined
    at Object.<anonymous> (C:\Users\yupp1\Desktop\tool-service\main.js:14:3)
    at Module._compile (node:internal/modules/cjs/loader:1101:14)
    at Object.Module._extensions..js (node:internal/modules/cjs/loader:1153:10)
    at Module.load (node:internal/modules/cjs/loader:981:32)
    at Function.Module._load (node:internal/modules/cjs/loader:822:12)
    at Function.executeUserEntryPoint [as runMain] (node:internal/modules/run_main:81:12)
    at node:internal/main/run_main_module:17:47
[2022-02-22T19:01:02.218] [ERROR] errors - ReferenceError: window is not defined
    at Object.<anonymous> (C:\Users\yupp1\Desktop\tool-service\main.js:14:3)
    at Module._compile (node:internal/modules/cjs/loader:1101:14)
    at Object.Module._extensions..js (node:internal/modules/cjs/loader:1153:10)
    at Module.load (node:internal/modules/cjs/loader:981:32)
    at Function.Module._load (node:internal/modules/cjs/loader:822:12)
    at Function.executeUserEntryPoint [as runMain] (node:internal/modules/run_main:81:12)
    at node:internal/main/run_main_module:17:47
[2022-02-22T19:01:37.542] [ERROR] errors - ReferenceError: window is not defined
    at Object.<anonymous> (C:\Users\yupp1\Desktop\tool-service\main.js:14:3)
    at Module._compile (node:internal/modules/cjs/loader:1101:14)
    at Object.Module._extensions..js (node:internal/modules/cjs/loader:1153:10)
    at Module.load (node:internal/modules/cjs/loader:981:32)
    at Function.Module._load (node:internal/modules/cjs/loader:822:12)
    at Function.executeUserEntryPoint [as runMain] (node:internal/modules/run_main:81:12)
    at node:internal/main/run_main_module:17:47
