[2022-02-28T18:09:47.727] [ERROR] application - ReferenceError: r is not defined
    at Timeout._onTimeout (C:\Users\yupp1\Desktop\tool-service\router\modules\readWord.js:17:21)
    at listOnTimeout (node:internal/timers:557:17)
    at processTimers (node:internal/timers:500:7)
[2022-02-28T18:10:41.508] [ERROR] application - ReferenceError: r is not defined
    at Timeout._onTimeout (C:\Users\yupp1\Desktop\tool-service\router\modules\readWord.js:17:21)
    at listOnTimeout (node:internal/timers:557:17)
    at processTimers (node:internal/timers:500:7)
[2022-02-28T18:12:30.943] [ERROR] application - ReferenceError: r is not defined
    at Timeout._onTimeout (C:\Users\yupp1\Desktop\tool-service\router\modules\readWord.js:17:21)
    at listOnTimeout (node:internal/timers:557:17)
    at processTimers (node:internal/timers:500:7)
[2022-02-28T18:13:37.301] [ERROR] application - ReferenceError: r is not defined
    at Timeout._onTimeout (C:\Users\yupp1\Desktop\tool-service\router\modules\readWord.js:17:21)
    at listOnTimeout (node:internal/timers:557:17)
    at processTimers (node:internal/timers:500:7)
[2022-02-28T18:14:15.735] [ERROR] application - ReferenceError: r is not defined
    at Timeout._onTimeout (C:\Users\yupp1\Desktop\tool-service\router\modules\readWord.js:17:21)
    at listOnTimeout (node:internal/timers:557:17)
    at processTimers (node:internal/timers:500:7)
[2022-02-28T18:14:43.968] [ERROR] application - ReferenceError: r is not defined
    at Timeout._onTimeout (C:\Users\yupp1\Desktop\tool-service\router\modules\readWord.js:17:21)
    at listOnTimeout (node:internal/timers:557:17)
    at processTimers (node:internal/timers:500:7)
[2022-02-28T18:15:22.761] [ERROR] application - ReferenceError: r is not defined
    at Timeout._onTimeout (C:\Users\yupp1\Desktop\tool-service\router\modules\readWord.js:17:21)
    at listOnTimeout (node:internal/timers:557:17)
    at processTimers (node:internal/timers:500:7)
[2022-02-28T18:16:40.236] [ERROR] application - ReferenceError: r is not defined
    at Timeout._onTimeout (C:\Users\yupp1\Desktop\tool-service\router\modules\readWord.js:17:21)
    at listOnTimeout (node:internal/timers:557:17)
    at processTimers (node:internal/timers:500:7)
[2022-02-28T18:17:02.914] [ERROR] application - ReferenceError: r is not defined
    at Timeout._onTimeout (C:\Users\yupp1\Desktop\tool-service\router\modules\readWord.js:17:21)
    at listOnTimeout (node:internal/timers:557:17)
    at processTimers (node:internal/timers:500:7)
[2022-02-28T18:17:45.169] [ERROR] application - ReferenceError: r is not defined
    at Timeout._onTimeout (C:\Users\yupp1\Desktop\tool-service\router\modules\readWord.js:17:21)
    at listOnTimeout (node:internal/timers:557:17)
    at processTimers (node:internal/timers:500:7)
[2022-02-28T18:19:39.249] [ERROR] application - ReferenceError: r is not defined
    at Timeout._onTimeout (C:\Users\yupp1\Desktop\tool-service\router\modules\readWord.js:17:21)
    at listOnTimeout (node:internal/timers:557:17)
    at processTimers (node:internal/timers:500:7)
[2022-02-28T18:19:57.714] [ERROR] application - ReferenceError: r is not defined
    at Timeout._onTimeout (C:\Users\yupp1\Desktop\tool-service\router\modules\readWord.js:17:21)
    at listOnTimeout (node:internal/timers:557:17)
    at processTimers (node:internal/timers:500:7)
[2022-02-28T18:23:47.814] [ERROR] application - ReferenceError: r is not defined
    at Timeout._onTimeout (C:\Users\yupp1\Desktop\tool-service\router\modules\readWord.js:17:21)
    at listOnTimeout (node:internal/timers:557:17)
    at processTimers (node:internal/timers:500:7)
[2022-02-28T18:24:14.759] [ERROR] application - ReferenceError: r is not defined
    at Timeout._onTimeout (C:\Users\yupp1\Desktop\tool-service\router\modules\readWord.js:17:21)
    at listOnTimeout (node:internal/timers:557:17)
    at processTimers (node:internal/timers:500:7)
[2022-02-28T18:24:28.568] [ERROR] application - ReferenceError: r is not defined
    at Timeout._onTimeout (C:\Users\yupp1\Desktop\tool-service\router\modules\readWord.js:17:21)
    at listOnTimeout (node:internal/timers:557:17)
    at processTimers (node:internal/timers:500:7)
[2022-02-28T18:49:47.326] [ERROR] application - Error: [object Object]
    at C:\Users\yupp1\Desktop\tool-service\router\modules\readWord.js:41:15
    at processTicksAndRejections (node:internal/process/task_queues:96:5)
[2022-02-28T18:50:28.250] [ERROR] application - Error: [object Object]
    at C:\Users\yupp1\Desktop\tool-service\router\modules\readWord.js:41:15
    at processTicksAndRejections (node:internal/process/task_queues:96:5)
[2022-02-28T18:50:43.304] [ERROR] application - Error: [object Object]
    at C:\Users\yupp1\Desktop\tool-service\router\modules\readWord.js:41:15
    at processTicksAndRejections (node:internal/process/task_queues:96:5)
[2022-02-28T18:51:11.653] [ERROR] application - Error: {"error_code":110,"error_msg":"Access token invalid or no longer valid"}
    at C:\Users\yupp1\Desktop\tool-service\router\modules\readWord.js:41:15
    at processTicksAndRejections (node:internal/process/task_queues:96:5)
[2022-02-28T18:51:48.619] [ERROR] application - Error: Access token invalid or no longer valid
    at C:\Users\yupp1\Desktop\tool-service\router\modules\readWord.js:41:15
    at processTicksAndRejections (node:internal/process/task_queues:96:5)
